<?xml version="1.0" encoding="UTF-8"?>
<testsuite xmlns:xsi="http://www.w3.org/2001/XMLSchema-instance" xsi:noNamespaceSchemaLocation="https://maven.apache.org/surefire/maven-surefire-plugin/xsd/surefire-test-report.xsd" version="3.0.2" name="com.example.iot.controller.DeviceControllerTest" time="0.295" tests="1" errors="0" skipped="0" failures="0" flakes="0">
  <properties>
[...]
</properties>
  <testcase name="getAllDevices_shouldReturnList" classname="com.example.iot.controller.DeviceControllerTest" time="0.01">
    <system-out><![CDATA[2026-09-02T12:36:54.557+02:00  INFO 20008 --- [iot] [           main] t.c.s.AnnotationConfigContextLoaderUtils : Could not detect default configuration classes for test class [com.example.iot.controller.DeviceControllerTest]: DeviceControllerTest does not declare any static, non-private, non-final, nested classes annotated with @Configuration.
2026-09-02T12:36:54.570+02:00  INFO 20008 --- [iot] [           main] .b.t.c.SpringBootTestContextBootstrapper : Found @SpringBootConfiguration com.example.iot.IotApplication for test class com.example.iot.controller.DeviceControllerTest
2026-09-02T12:36:54.572+02:00  INFO 20008 --- [iot] [           main] t.c.s.AnnotationConfigContextLoaderUtils : Could not detect default configuration classes for test class [com.example.iot.controller.DeviceControllerTest]: DeviceControllerTest does not declare any static, non-private, non-final, nested classes annotated with @Configuration.
2026-09-02T12:36:54.583+02:00  INFO 20008 --- [iot] [           main] .b.t.c.SpringBootTestContextBootstrapper : Found @SpringBootConfiguration com.example.iot.IotApplication for test class com.example.iot.controller.DeviceControllerTest
2026-09-02T12:36:54.590+02:00  INFO 20008 --- [iot] [           main] o.s.b.d.r.RestartApplicationListener     : Restart disabled due to context in which it is running

  .   ____          _            __ _ _
 /\\ / ___'_ __ _ _(_)_ __  __ _ \ \ \ \
( ( )\___ | '_ | '_| | '_ \/ _` | \ \ \ \
 \\/  ___)| |_)| | | | | || (_| |  ) ) ) )
  '  |____| .__|_| |_|_| |_\__, | / / / /
 =========|_|==============|___/=/_/_/_/

 :: Spring Boot ::                (v4.1.0)

2026-09-02T12:36:54.615+02:00  INFO 20008 --- [iot] [           main] c.e.iot.controller.DeviceControllerTest  : Starting DeviceControllerTest using Java 21.0.8 with PID 20008 (started by brambil8 in C:\Users\brambil8\pac-proj\iot-sys\iot)
2026-09-02T12:36:54.616+02:00  INFO 20008 --- [iot] [           main] c.e.iot.controller.DeviceControllerTest  : No active profile set, falling back to 1 default profile: "default"
2026-09-02T12:36:54.618+02:00 DEBUG 20008 --- [iot] [           main] o.s.w.c.s.GenericWebApplicationContext   : Refreshing org.springframework.web.context.support.GenericWebApplicationContext@35744f8
2026-09-02T12:36:54.782+02:00  INFO 20008 --- [iot] [           main] o.s.b.w.a.WelcomePageHandlerMapping      : Adding welcome page template: index
2026-09-02T12:36:54.810+02:00 DEBUG 20008 --- [iot] [           main] s.w.s.m.m.a.RequestMappingHandlerMapping : 3 mappings in 'requestMappingHandlerMapping'
2026-09-02T12:36:54.812+02:00 DEBUG 20008 --- [iot] [           main] o.s.w.s.handler.SimpleUrlHandlerMapping  : Patterns [/webjars/**, /**] in 'resourceHandlerMapping'
2026-09-02T12:36:54.814+02:00 DEBUG 20008 --- [iot] [           main] s.w.s.m.m.a.RequestMappingHandlerAdapter : ControllerAdvice beans: 0 @ModelAttribute, 0 @InitBinder, 2 RequestBodyAdvice, 1 ResponseBodyAdvice
2026-09-02T12:36:54.819+02:00 DEBUG 20008 --- [iot] [           main] .m.m.a.ExceptionHandlerExceptionResolver : ControllerAdvice beans: 0 @ExceptionHandler, 1 ResponseBodyAdvice
2026-09-02T12:36:54.824+02:00  INFO 20008 --- [iot] [           main] o.s.b.t.m.w.SpringBootMockServletContext : Initializing Spring TestDispatcherServlet ''
2026-09-02T12:36:54.826+02:00  INFO 20008 --- [iot] [           main] o.s.t.web.servlet.TestDispatcherServlet  : Initializing Servlet ''
2026-09-02T12:36:54.826+02:00  INFO 20008 --- [iot] [           main] o.s.t.web.servlet.TestDispatcherServlet  : Completed initialization in 0 ms
2026-09-02T12:36:54.834+02:00  INFO 20008 --- [iot] [           main] c.e.iot.controller.DeviceControllerTest  : Started DeviceControllerTest in 0.244 seconds (process running for 4.44)
2026-09-02T12:36:54.841+02:00 DEBUG 20008 --- [iot] [           main] s.w.s.m.m.a.RequestMappingHandlerMapping : Mapped to com.example.iot.controller.DeviceController#getAllDevices()
2026-09-02T12:36:54.842+02:00 DEBUG 20008 --- [iot] [           main] m.m.a.RequestResponseBodyMethodProcessor : Using 'application/json', given [*/*] and supported [application/json, application/*+json]
2026-09-02T12:36:54.843+02:00 DEBUG 20008 --- [iot] [           main] m.m.a.RequestResponseBodyMethodProcessor : Writing [[{device_id=DEV001, battery=100, status=ONLINE}]]
]]></system-out>
  </testcase>
</testsuite>